2025-10-28 02:04:39,935 - __main__ - INFO - ======================================================================
2025-10-28 02:04:39,936 - __main__ - INFO - Downloading FRESHRETAILNET-50K
2025-10-28 02:04:39,936 - __main__ - INFO - ======================================================================
2025-10-28 02:04:39,937 - __main__ - INFO - 
[1/3] Downloading from Hugging Face
2025-10-28 02:04:44,733 - __main__ - INFO - [2/3] Converting to pandas DataFrames
2025-10-28 02:04:48,286 - __main__ - INFO - Training data: (4500000, 19)
2025-10-28 02:04:48,286 - __main__ - INFO - Evaluation data: (350000, 19)
2025-10-28 02:04:48,761 - __main__ - INFO - 
[3/3] Dataset Information:
2025-10-28 02:04:49,055 - __main__ - INFO - Date range: 2024-03-28 to 2024-06-25
2025-10-28 02:04:49,088 - __main__ - INFO - Stores: 898
2025-10-28 02:04:49,120 - __main__ - INFO - Products: 865
2025-10-28 02:04:49,153 - __main__ - INFO - Cities: 18
2025-10-28 02:04:49,153 - __main__ - INFO - 
Columns:
2025-10-28 02:04:49,153 - __main__ - INFO -   - city_id
2025-10-28 02:04:49,154 - __main__ - INFO -   - store_id
2025-10-28 02:04:49,154 - __main__ - INFO -   - management_group_id
2025-10-28 02:04:49,154 - __main__ - INFO -   - first_category_id
2025-10-28 02:04:49,154 - __main__ - INFO -   - second_category_id
2025-10-28 02:04:49,154 - __main__ - INFO -   - third_category_id
2025-10-28 02:04:49,154 - __main__ - INFO -   - product_id
2025-10-28 02:04:49,154 - __main__ - INFO -   - date
2025-10-28 02:04:49,154 - __main__ - INFO -   - sale_amount
2025-10-28 02:04:49,154 - __main__ - INFO -   - hours_sale
2025-10-28 02:04:49,154 - __main__ - INFO -   - stock_hour6_22_cnt
2025-10-28 02:04:49,155 - __main__ - INFO -   - hours_stock_status
2025-10-28 02:04:49,155 - __main__ - INFO -   - discount
2025-10-28 02:04:49,155 - __main__ - INFO -   - holiday_flag
2025-10-28 02:04:49,155 - __main__ - INFO -   - activity_flag
2025-10-28 02:04:49,155 - __main__ - INFO -   - precpt
2025-10-28 02:04:49,155 - __main__ - INFO -   - avg_temperature
2025-10-28 02:04:49,155 - __main__ - INFO -   - avg_humidity
2025-10-28 02:04:49,155 - __main__ - INFO -   - avg_wind_level
2025-10-28 02:04:49,155 - __main__ - INFO - 
Saving to CSV
2025-10-28 02:14:38,066 - __main__ - INFO - Saving to Parquet
2025-10-28 02:14:50,667 - __main__ - INFO - 
Data saved to: D:\Code\Jet2Holiday_DataStorm\sales-forecasting-platform\data\raw
2025-10-28 02:14:50,668 - __main__ - INFO - 
======================================================================
2025-10-28 02:14:50,708 - __main__ - INFO - ======================================================================
